h:\_labs\kg\shaderhandaling\release\vc142.pdb
h:\_labs\kg\shaderhandaling\release\simulation.obj
h:\_labs\kg\shaderhandaling\release\shaderhandaling.obj
h:\_labs\kg\shaderhandaling\release\shaderprogram.obj
h:\_labs\kg\shaderhandaling\release\shader.obj
h:\_labs\kg\shaderhandaling\release\display.obj
h:\_labs\kg\shaderhandaling\release\data.obj
h:\_labs\kg\shaderhandaling\release\camera.obj
h:\_labs\kg\shaderhandaling\release\graphicobject.obj
h:\_labs\kg\shaderhandaling\release\resourcemanager.obj
h:\_labs\kg\shaderhandaling\release\mesh.obj
h:\_labs\kg\shaderhandaling\release\quadtree.obj
h:\_labs\kg\shaderhandaling\release\material.obj
h:\_labs\kg\shaderhandaling\release\light.obj
h:\_labs\kg\shaderhandaling\release\pugixml.obj
h:\_labs\kg\shaderhandaling\release\texture.obj
h:\_labs\kg\shaderhandaling\release\scene.obj
h:\_labs\kg\shaderhandaling\release\rendermanager.obj
h:\_labs\kg\shaderhandaling\release\fbo.obj
h:\_labs\kg\shaderhandaling\release\shaderhandaling.exe
h:\_labs\kg\shaderhandaling\release\shaderhandaling.pdb
h:\_labs\kg\shaderhandaling\release\shaderhandaling.ipdb
h:\_labs\kg\shaderhandaling\release\shaderhandaling.iobj
h:\_labs\kg\shaderhandaling\release\shaderhandaling.tlog\cl.read.1.tlog
h:\_labs\kg\shaderhandaling\release\shaderhandaling.tlog\cl.write.1.tlog
h:\_labs\kg\shaderhandaling\release\shaderhandaling.tlog\cl.command.1.tlog
h:\_labs\kg\shaderhandaling\release\shaderhandaling.tlog\link.read.1.tlog
h:\_labs\kg\shaderhandaling\release\shaderhandaling.tlog\link.write.1.tlog
h:\_labs\kg\shaderhandaling\release\shaderhandaling.tlog\link.command.1.tlog
h:\_labs\kg\shaderhandaling\release\shaderhandaling.tlog\shaderhandaling.write.1u.tlog
h:\_labs\kg\shaderhandaling\release\shaderhandaling.tlog\link.delete.1.tlog
